0 info it worked if it ends with ok
1 verbose cli [ 'C:\\Program Files\\nodejs\\node.exe',
1 verbose cli   'C:\\Users\\Yuri Ramos\\AppData\\Roaming\\npm\\node_modules\\npm\\bin\\npm-cli.js',
1 verbose cli   'run',
1 verbose cli   'prisma',
1 verbose cli   'generate' ]
2 info using npm@6.14.2
3 info using node@v10.16.3
4 verbose stack Error: missing script: prisma
4 verbose stack     at run (C:\Users\Yuri Ramos\AppData\Roaming\npm\node_modules\npm\lib\run-script.js:155:19)
4 verbose stack     at C:\Users\Yuri Ramos\AppData\Roaming\npm\node_modules\npm\lib\run-script.js:63:5
4 verbose stack     at C:\Users\Yuri Ramos\AppData\Roaming\npm\node_modules\npm\node_modules\read-package-json\read-json.js:116:5
4 verbose stack     at C:\Users\Yuri Ramos\AppData\Roaming\npm\node_modules\npm\node_modules\read-package-json\read-json.js:436:5
4 verbose stack     at checkBinReferences_ (C:\Users\Yuri Ramos\AppData\Roaming\npm\node_modules\npm\node_modules\read-package-json\read-json.js:391:45)
4 verbose stack     at final (C:\Users\Yuri Ramos\AppData\Roaming\npm\node_modules\npm\node_modules\read-package-json\read-json.js:434:3)
4 verbose stack     at then (C:\Users\Yuri Ramos\AppData\Roaming\npm\node_modules\npm\node_modules\read-package-json\read-json.js:161:5)
4 verbose stack     at C:\Users\Yuri Ramos\AppData\Roaming\npm\node_modules\npm\node_modules\read-package-json\read-json.js:382:12
4 verbose stack     at C:\Users\Yuri Ramos\AppData\Roaming\npm\node_modules\npm\node_modules\graceful-fs\graceful-fs.js:115:16
4 verbose stack     at FSReqWrap.readFileAfterClose [as oncomplete] (internal/fs/read_file_context.js:53:3)
5 verbose cwd C:\projects\prisma-graphql-react-auth
6 verbose Windows_NT 10.0.18362
7 verbose argv "C:\\Program Files\\nodejs\\node.exe" "C:\\Users\\Yuri Ramos\\AppData\\Roaming\\npm\\node_modules\\npm\\bin\\npm-cli.js" "run" "prisma" "generate"
8 verbose node v10.16.3
9 verbose npm  v6.14.2
10 error missing script: prisma
11 verbose exit [ 1, true ]
